ngani.algo.cc.unionfind.Simple;initialize;1;0;0;10;0;0;0;0;0;ENTRY {0};292272100
ngani.algo.cc.unionfind.Simple;initialize;2;0;0;10;0;0;0;0;0;RETURN {0};294271500
ngani.algo.cc.unionfind.Simple;find;3;0;0;0;0;0;0;0;0;ENTRY {0};294271500
ngani.algo.cc.unionfind.Simple;find;4;0;0;0;0;0;1;0;0;RETURN {0};295271400
ngani.algo.cc.unionfind.Simple;find;5;0;0;6;0;0;1;0;0;ENTRY {0};295271400
ngani.algo.cc.unionfind.Simple;find;6;0;0;6;0;0;2;0;0;RETURN {0};295271400
ngani.algo.cc.unionfind.Simple;union;7;0;0;0;6;0;2;0;0;ENTRY {0};295271400
ngani.algo.cc.unionfind.Simple;find;8;0;1;0;0;0;2;0;0;ENTRY {0};296271200
ngani.algo.cc.unionfind.Simple;find;9;0;1;0;0;0;3;0;0;RETURN {0};297290900
ngani.algo.cc.unionfind.Simple;find;10;0;1;1;0;0;3;0;1;ENTRY {0};297290900
ngani.algo.cc.unionfind.Simple;find;11;0;1;1;0;0;4;0;1;RETURN {0};297290900
ngani.algo.cc.unionfind.Simple;find;12;0;1;1;0;0;4;0;1;ENTRY {0};297290900
ngani.algo.cc.unionfind.Simple;find;13;0;1;1;0;0;5;0;1;RETURN {0};297290900
ngani.algo.cc.unionfind.Simple;find;14;0;1;2;0;0;5;0;1;ENTRY {0};298273300
ngani.algo.cc.unionfind.Simple;find;15;0;1;2;0;0;6;0;1;RETURN {0};298273300
ngani.algo.cc.unionfind.Simple;find;16;0;1;2;0;0;6;0;1;ENTRY {0};298273300
ngani.algo.cc.unionfind.Simple;find;17;0;1;2;0;0;7;0;1;RETURN {0};298273300
ngani.algo.cc.unionfind.Simple;find;18;0;1;3;0;0;7;0;1;ENTRY {0};298273300
ngani.algo.cc.unionfind.Simple;find;19;0;1;3;0;0;8;0;1;RETURN {0};298273300
ngani.algo.cc.unionfind.Simple;find;20;0;1;3;0;0;8;0;1;ENTRY {0};299272500
ngani.algo.cc.unionfind.Simple;find;21;0;1;3;0;0;9;0;1;RETURN {0};299272500
ngani.algo.cc.unionfind.Simple;find;22;0;1;4;0;0;9;0;1;ENTRY {0};299272500
ngani.algo.cc.unionfind.Simple;find;23;0;1;4;0;0;10;0;1;RETURN {0};299272500
ngani.algo.cc.unionfind.Simple;find;24;0;1;4;0;0;10;0;1;ENTRY {0};299272500
ngani.algo.cc.unionfind.Simple;find;25;0;1;4;0;0;11;0;1;RETURN {0};299272500
ngani.algo.cc.unionfind.Simple;find;26;0;1;5;0;0;11;0;1;ENTRY {0};300271800
ngani.algo.cc.unionfind.Simple;find;27;0;1;5;0;0;12;0;1;RETURN {0};300271800
ngani.algo.cc.unionfind.Simple;find;28;0;1;5;0;0;12;0;1;ENTRY {0};300271800
ngani.algo.cc.unionfind.Simple;find;29;0;1;5;0;0;13;0;1;RETURN {0};300271800
ngani.algo.cc.unionfind.Simple;find;30;0;1;6;0;0;13;0;1;ENTRY {0};300271800
ngani.algo.cc.unionfind.Simple;find;31;0;1;6;0;0;14;0;1;RETURN {0};301271800
ngani.algo.cc.unionfind.Simple;find;32;0;1;6;0;0;14;0;1;ENTRY {0};301271800
ngani.algo.cc.unionfind.Simple;find;33;0;1;6;0;0;15;0;1;RETURN {0};301271800
ngani.algo.cc.unionfind.Simple;find;34;0;1;7;0;0;15;0;2;ENTRY {0};301271800
ngani.algo.cc.unionfind.Simple;find;35;0;1;7;0;0;16;0;2;RETURN {0};301271800
ngani.algo.cc.unionfind.Simple;find;36;0;1;7;0;0;16;0;2;ENTRY {0};301271800
ngani.algo.cc.unionfind.Simple;find;37;0;1;7;0;0;17;0;2;RETURN {0};302271600
ngani.algo.cc.unionfind.Simple;find;38;0;1;8;0;0;17;0;2;ENTRY {0};302271600
ngani.algo.cc.unionfind.Simple;find;39;0;1;8;0;0;18;0;2;RETURN {0};302271600
ngani.algo.cc.unionfind.Simple;find;40;0;1;8;0;0;18;0;2;ENTRY {0};302271600
ngani.algo.cc.unionfind.Simple;find;41;0;1;8;0;0;19;0;2;RETURN {0};302271600
ngani.algo.cc.unionfind.Simple;find;42;0;1;9;0;0;19;0;2;ENTRY {0};302271600
ngani.algo.cc.unionfind.Simple;find;43;0;1;9;0;0;20;0;2;RETURN {0};303270500
ngani.algo.cc.unionfind.Simple;find;44;0;1;9;0;0;20;0;2;ENTRY {0};303270500
ngani.algo.cc.unionfind.Simple;find;45;0;1;9;0;0;21;0;2;RETURN {0};303270500
ngani.algo.cc.unionfind.Simple;union;46;0;0;0;6;0;21;1;2;RETURN {0};303270500
ngani.algo.cc.unionfind.Simple;find;47;0;0;1;0;0;21;1;2;ENTRY {0};304272500
ngani.algo.cc.unionfind.Simple;find;48;0;0;1;0;0;22;1;2;RETURN {0};304272500
ngani.algo.cc.unionfind.Simple;find;49;0;0;5;0;0;22;1;2;ENTRY {0};304272500
ngani.algo.cc.unionfind.Simple;find;50;0;0;5;0;0;23;1;2;RETURN {0};304272500
ngani.algo.cc.unionfind.Simple;union;51;0;0;1;5;1;23;1;2;ENTRY {0};304272500
ngani.algo.cc.unionfind.Simple;find;52;0;1;0;0;0;23;1;2;ENTRY {0};304272500
ngani.algo.cc.unionfind.Simple;find;53;0;1;0;0;0;24;1;2;RETURN {0};305271300
ngani.algo.cc.unionfind.Simple;find;54;0;1;0;0;0;24;1;2;ENTRY {0};305271300
ngani.algo.cc.unionfind.Simple;find;55;0;1;0;0;0;25;1;2;RETURN {0};305271300
ngani.algo.cc.unionfind.Simple;find;56;0;1;1;0;0;25;1;2;ENTRY {0};305271300
ngani.algo.cc.unionfind.Simple;find;57;0;1;1;0;0;26;1;2;RETURN {0};305271300
ngani.algo.cc.unionfind.Simple;find;58;0;1;2;0;0;26;1;3;ENTRY {0};306275200
ngani.algo.cc.unionfind.Simple;find;59;0;1;2;0;0;27;1;3;RETURN {0};306275200
ngani.algo.cc.unionfind.Simple;find;60;0;1;2;0;0;27;1;3;ENTRY {0};306275200
ngani.algo.cc.unionfind.Simple;find;61;0;1;2;0;0;28;1;3;RETURN {0};306275200
ngani.algo.cc.unionfind.Simple;find;62;0;1;3;0;0;28;1;3;ENTRY {0};306275200
ngani.algo.cc.unionfind.Simple;find;63;0;1;3;0;0;29;1;3;RETURN {0};306275200
ngani.algo.cc.unionfind.Simple;find;64;0;1;3;0;0;29;1;3;ENTRY {0};307274300
ngani.algo.cc.unionfind.Simple;find;65;0;1;3;0;0;30;1;3;RETURN {0};307274300
ngani.algo.cc.unionfind.Simple;find;66;0;1;4;0;0;30;1;3;ENTRY {0};307274300
ngani.algo.cc.unionfind.Simple;find;67;0;1;4;0;0;31;1;3;RETURN {0};307274300
ngani.algo.cc.unionfind.Simple;find;68;0;1;4;0;0;31;1;3;ENTRY {0};307274300
ngani.algo.cc.unionfind.Simple;find;69;0;1;4;0;0;32;1;3;RETURN {0};307274300
ngani.algo.cc.unionfind.Simple;find;70;0;1;5;0;0;32;1;3;ENTRY {0};307274300
ngani.algo.cc.unionfind.Simple;find;71;0;1;5;0;0;33;1;3;RETURN {0};308274400
ngani.algo.cc.unionfind.Simple;find;72;0;1;5;0;0;33;1;3;ENTRY {0};308274400
ngani.algo.cc.unionfind.Simple;find;73;0;1;5;0;0;34;1;3;RETURN {0};308274400
ngani.algo.cc.unionfind.Simple;find;74;0;1;6;0;0;34;1;4;ENTRY {0};308274400
ngani.algo.cc.unionfind.Simple;find;75;0;1;0;0;0;35;1;4;RETURN {0};308274400
ngani.algo.cc.unionfind.Simple;find;76;0;1;6;0;0;35;1;4;ENTRY {0};308274400
ngani.algo.cc.unionfind.Simple;find;77;0;1;0;0;0;36;1;4;RETURN {0};308274400
ngani.algo.cc.unionfind.Simple;find;78;0;1;7;0;0;36;1;4;ENTRY {0};309273700
ngani.algo.cc.unionfind.Simple;find;79;0;1;7;0;0;37;1;4;RETURN {0};309273700
ngani.algo.cc.unionfind.Simple;find;80;0;1;7;0;0;37;1;4;ENTRY {0};309273700
ngani.algo.cc.unionfind.Simple;find;81;0;1;7;0;0;38;1;4;RETURN {0};309273700
ngani.algo.cc.unionfind.Simple;find;82;0;1;8;0;0;38;1;4;ENTRY {0};309273700
ngani.algo.cc.unionfind.Simple;find;83;0;1;8;0;0;39;1;4;RETURN {0};309273700
ngani.algo.cc.unionfind.Simple;find;84;0;1;8;0;0;39;1;4;ENTRY {0};309273700
ngani.algo.cc.unionfind.Simple;find;85;0;1;8;0;0;40;1;4;RETURN {0};310274200
ngani.algo.cc.unionfind.Simple;find;86;0;1;9;0;0;40;1;4;ENTRY {0};310274200
ngani.algo.cc.unionfind.Simple;find;87;0;1;9;0;0;41;1;4;RETURN {0};310274200
ngani.algo.cc.unionfind.Simple;find;88;0;1;9;0;0;41;1;4;ENTRY {0};310274200
ngani.algo.cc.unionfind.Simple;find;89;0;1;9;0;0;42;1;4;RETURN {0};310274200
ngani.algo.cc.unionfind.Simple;union;90;0;0;1;5;1;42;2;4;RETURN {0};310274200
ngani.algo.cc.unionfind.Simple;find;91;0;0;2;0;0;42;2;4;ENTRY {0};310274200
ngani.algo.cc.unionfind.Simple;find;92;0;0;2;0;0;43;2;4;RETURN {0};310274200
ngani.algo.cc.unionfind.Simple;find;93;0;0;7;0;0;43;2;4;ENTRY {0};311274600
ngani.algo.cc.unionfind.Simple;find;94;0;0;7;0;0;44;2;4;RETURN {0};311274600
ngani.algo.cc.unionfind.Simple;union;95;0;0;2;7;2;44;2;4;ENTRY {0};311274600
ngani.algo.cc.unionfind.Simple;find;96;0;1;0;0;0;44;2;4;ENTRY {0};311274600
ngani.algo.cc.unionfind.Simple;find;97;0;1;0;0;0;45;2;4;RETURN {0};311274600
ngani.algo.cc.unionfind.Simple;find;98;0;1;0;0;0;45;2;4;ENTRY {0};311274600
ngani.algo.cc.unionfind.Simple;find;99;0;1;0;0;0;46;2;4;RETURN {0};311274600
ngani.algo.cc.unionfind.Simple;find;100;0;1;1;0;0;46;2;4;ENTRY {0};311274600
ngani.algo.cc.unionfind.Simple;find;101;0;1;1;0;0;47;2;4;RETURN {0};312274500
ngani.algo.cc.unionfind.Simple;find;102;0;1;1;0;0;47;2;4;ENTRY {0};312274500
ngani.algo.cc.unionfind.Simple;find;103;0;1;1;0;0;48;2;4;RETURN {0};312274500
ngani.algo.cc.unionfind.Simple;find;104;0;1;2;0;0;48;2;4;ENTRY {0};312274500
ngani.algo.cc.unionfind.Simple;find;105;0;1;2;0;0;49;2;4;RETURN {0};312274500
ngani.algo.cc.unionfind.Simple;find;106;0;1;3;0;0;49;2;5;ENTRY {0};312274500
ngani.algo.cc.unionfind.Simple;find;107;0;1;3;0;0;50;2;5;RETURN {0};312274500
ngani.algo.cc.unionfind.Simple;find;108;0;1;3;0;0;50;2;5;ENTRY {0};312274500
ngani.algo.cc.unionfind.Simple;find;109;0;1;3;0;0;51;2;5;RETURN {0};313274400
ngani.algo.cc.unionfind.Simple;find;110;0;1;4;0;0;51;2;5;ENTRY {0};313274400
ngani.algo.cc.unionfind.Simple;find;111;0;1;4;0;0;52;2;5;RETURN {0};313274400
ngani.algo.cc.unionfind.Simple;find;112;0;1;4;0;0;52;2;5;ENTRY {0};313274400
ngani.algo.cc.unionfind.Simple;find;113;0;1;4;0;0;53;2;5;RETURN {0};313274400
ngani.algo.cc.unionfind.Simple;find;114;0;1;5;0;0;53;2;5;ENTRY {0};313274400
ngani.algo.cc.unionfind.Simple;find;115;0;1;1;0;0;54;2;5;RETURN {0};313274400
ngani.algo.cc.unionfind.Simple;find;116;0;1;5;0;0;54;2;5;ENTRY {0};314272100
ngani.algo.cc.unionfind.Simple;find;117;0;1;1;0;0;55;2;5;RETURN {0};314272100
ngani.algo.cc.unionfind.Simple;find;118;0;1;6;0;0;55;2;5;ENTRY {0};314272100
ngani.algo.cc.unionfind.Simple;find;119;0;1;0;0;0;56;2;5;RETURN {0};314272100
ngani.algo.cc.unionfind.Simple;find;120;0;1;6;0;0;56;2;5;ENTRY {0};314272100
ngani.algo.cc.unionfind.Simple;find;121;0;1;0;0;0;57;2;5;RETURN {0};314272100
ngani.algo.cc.unionfind.Simple;find;122;0;1;7;0;0;57;2;5;ENTRY {0};315271100
ngani.algo.cc.unionfind.Simple;find;123;0;1;7;0;0;58;2;5;RETURN {0};315271100
ngani.algo.cc.unionfind.Simple;find;124;0;1;7;0;0;58;2;5;ENTRY {0};315271100
ngani.algo.cc.unionfind.Simple;find;125;0;1;7;0;0;59;2;5;RETURN {0};315271100
ngani.algo.cc.unionfind.Simple;find;126;0;1;8;0;0;59;2;6;ENTRY {0};315271100
ngani.algo.cc.unionfind.Simple;find;127;0;1;8;0;0;60;2;6;RETURN {0};315271100
ngani.algo.cc.unionfind.Simple;find;128;0;1;8;0;0;60;2;6;ENTRY {0};315271100
ngani.algo.cc.unionfind.Simple;find;129;0;1;8;0;0;61;2;6;RETURN {0};316271000
ngani.algo.cc.unionfind.Simple;find;130;0;1;9;0;0;61;2;6;ENTRY {0};316271000
ngani.algo.cc.unionfind.Simple;find;131;0;1;9;0;0;62;2;6;RETURN {0};316271000
ngani.algo.cc.unionfind.Simple;find;132;0;1;9;0;0;62;2;6;ENTRY {0};316271000
ngani.algo.cc.unionfind.Simple;find;133;0;1;9;0;0;63;2;6;RETURN {0};316271000
ngani.algo.cc.unionfind.Simple;union;134;0;0;2;7;2;63;3;6;RETURN {0};316271000
ngani.algo.cc.unionfind.Simple;find;135;0;0;3;0;0;63;3;6;ENTRY {0};316271000
ngani.algo.cc.unionfind.Simple;find;136;0;0;3;0;0;64;3;6;RETURN {0};316271000
ngani.algo.cc.unionfind.Simple;find;137;0;0;1;0;0;64;3;6;ENTRY {0};317270700
ngani.algo.cc.unionfind.Simple;find;138;0;0;1;0;0;65;3;6;RETURN {0};317270700
ngani.algo.cc.unionfind.Simple;union;139;0;0;3;1;3;65;3;6;ENTRY {0};317270700
ngani.algo.cc.unionfind.Simple;find;140;0;1;0;0;0;65;3;6;ENTRY {0};317270700
ngani.algo.cc.unionfind.Simple;find;141;0;1;0;0;0;66;3;6;RETURN {0};317270700
ngani.algo.cc.unionfind.Simple;find;142;0;1;0;0;0;66;3;6;ENTRY {0};317270700
ngani.algo.cc.unionfind.Simple;find;143;0;1;0;0;0;67;3;6;RETURN {0};317270700
ngani.algo.cc.unionfind.Simple;find;144;0;1;1;0;0;67;3;6;ENTRY {0};317270700
ngani.algo.cc.unionfind.Simple;find;145;0;1;1;0;0;68;3;6;RETURN {0};318278900
ngani.algo.cc.unionfind.Simple;find;146;0;1;1;0;0;68;3;6;ENTRY {0};318278900
ngani.algo.cc.unionfind.Simple;find;147;0;1;1;0;0;69;3;6;RETURN {0};318278900
ngani.algo.cc.unionfind.Simple;find;148;0;1;2;0;0;69;3;7;ENTRY {0};318278900
ngani.algo.cc.unionfind.Simple;find;149;0;1;2;0;0;70;3;7;RETURN {0};318278900
ngani.algo.cc.unionfind.Simple;find;150;0;1;2;0;0;70;3;7;ENTRY {0};318278900
ngani.algo.cc.unionfind.Simple;find;151;0;1;2;0;0;71;3;7;RETURN {0};318278900
ngani.algo.cc.unionfind.Simple;find;152;0;1;3;0;0;71;3;7;ENTRY {0};318278900
ngani.algo.cc.unionfind.Simple;find;153;0;1;3;0;0;72;3;7;RETURN {0};318278900
ngani.algo.cc.unionfind.Simple;find;154;0;1;4;0;0;72;3;8;ENTRY {0};319269700
ngani.algo.cc.unionfind.Simple;find;155;0;1;4;0;0;73;3;8;RETURN {0};319269700
ngani.algo.cc.unionfind.Simple;find;156;0;1;4;0;0;73;3;8;ENTRY {0};319269700
ngani.algo.cc.unionfind.Simple;find;157;0;1;4;0;0;74;3;8;RETURN {0};319269700
ngani.algo.cc.unionfind.Simple;find;158;0;1;5;0;0;74;3;8;ENTRY {0};319269700
ngani.algo.cc.unionfind.Simple;find;159;0;1;1;0;0;75;3;8;RETURN {0};319269700
ngani.algo.cc.unionfind.Simple;find;160;0;1;5;0;0;75;3;8;ENTRY {0};319269700
ngani.algo.cc.unionfind.Simple;find;161;0;1;1;0;0;76;3;8;RETURN {0};319269700
ngani.algo.cc.unionfind.Simple;find;162;0;1;6;0;0;76;3;9;ENTRY {0};320270500
ngani.algo.cc.unionfind.Simple;find;163;0;1;0;0;0;77;3;9;RETURN {0};320270500
ngani.algo.cc.unionfind.Simple;find;164;0;1;6;0;0;77;3;9;ENTRY {0};320270500
ngani.algo.cc.unionfind.Simple;find;165;0;1;0;0;0;78;3;9;RETURN {0};320270500
ngani.algo.cc.unionfind.Simple;find;166;0;1;7;0;0;78;3;9;ENTRY {0};320270500
ngani.algo.cc.unionfind.Simple;find;167;0;1;2;0;0;79;3;9;RETURN {0};320270500
ngani.algo.cc.unionfind.Simple;find;168;0;1;7;0;0;79;3;9;ENTRY {0};320270500
ngani.algo.cc.unionfind.Simple;find;169;0;1;2;0;0;80;3;9;RETURN {0};320270500
ngani.algo.cc.unionfind.Simple;find;170;0;1;8;0;0;80;3;9;ENTRY {0};320270500
ngani.algo.cc.unionfind.Simple;find;171;0;1;8;0;0;81;3;9;RETURN {0};321270500
ngani.algo.cc.unionfind.Simple;find;172;0;1;8;0;0;81;3;9;ENTRY {0};321270500
ngani.algo.cc.unionfind.Simple;find;173;0;1;8;0;0;82;3;9;RETURN {0};321270500
ngani.algo.cc.unionfind.Simple;find;174;0;1;9;0;0;82;3;9;ENTRY {0};321270500
ngani.algo.cc.unionfind.Simple;find;175;0;1;9;0;0;83;3;9;RETURN {0};321270500
ngani.algo.cc.unionfind.Simple;find;176;0;1;9;0;0;83;3;9;ENTRY {0};321270500
ngani.algo.cc.unionfind.Simple;find;177;0;1;9;0;0;84;3;9;RETURN {0};321270500
ngani.algo.cc.unionfind.Simple;union;178;0;0;3;1;3;84;4;9;RETURN {0};321270500
ngani.algo.cc.unionfind.Simple;find;179;0;0;4;0;0;84;4;9;ENTRY {0};322270100
ngani.algo.cc.unionfind.Simple;find;180;0;0;4;0;0;85;4;9;RETURN {0};322270100
ngani.algo.cc.unionfind.Simple;find;181;0;0;2;0;0;85;4;9;ENTRY {0};322270100
ngani.algo.cc.unionfind.Simple;find;182;0;0;2;0;0;86;4;9;RETURN {0};322270100
ngani.algo.cc.unionfind.Simple;union;183;0;0;4;2;4;86;4;9;ENTRY {0};322270100
ngani.algo.cc.unionfind.Simple;find;184;0;1;0;0;0;86;4;9;ENTRY {0};322270100
ngani.algo.cc.unionfind.Simple;find;185;0;1;0;0;0;87;4;9;RETURN {0};322270100
ngani.algo.cc.unionfind.Simple;find;186;0;1;0;0;0;87;4;9;ENTRY {0};322270100
ngani.algo.cc.unionfind.Simple;find;187;0;1;0;0;0;88;4;9;RETURN {0};322270100
ngani.algo.cc.unionfind.Simple;find;188;0;1;1;0;0;88;4;9;ENTRY {0};323269900
ngani.algo.cc.unionfind.Simple;find;189;0;1;3;0;0;89;4;9;RETURN {0};323269900
ngani.algo.cc.unionfind.Simple;find;190;0;1;1;0;0;89;4;9;ENTRY {0};323269900
ngani.algo.cc.unionfind.Simple;find;191;0;1;3;0;0;90;4;9;RETURN {0};323269900
ngani.algo.cc.unionfind.Simple;find;192;0;1;2;0;0;90;4;9;ENTRY {0};323269900
ngani.algo.cc.unionfind.Simple;find;193;0;1;2;0;0;91;4;9;RETURN {0};323269900
ngani.algo.cc.unionfind.Simple;find;194;0;1;2;0;0;91;4;9;ENTRY {0};323269900
ngani.algo.cc.unionfind.Simple;find;195;0;1;2;0;0;92;4;9;RETURN {0};323269900
ngani.algo.cc.unionfind.Simple;find;196;0;1;3;0;0;92;4;10;ENTRY {0};324269800
ngani.algo.cc.unionfind.Simple;find;197;0;1;3;0;0;93;4;10;RETURN {0};324269800
ngani.algo.cc.unionfind.Simple;find;198;0;1;3;0;0;93;4;10;ENTRY {0};324269800
ngani.algo.cc.unionfind.Simple;find;199;0;1;3;0;0;94;4;10;RETURN {0};324269800
ngani.algo.cc.unionfind.Simple;find;200;0;1;4;0;0;94;4;10;ENTRY {0};324269800
ngani.algo.cc.unionfind.Simple;find;201;0;1;4;0;0;95;4;10;RETURN {0};324269800
ngani.algo.cc.unionfind.Simple;find;202;0;1;5;0;0;95;4;11;ENTRY {0};324269800
ngani.algo.cc.unionfind.Simple;find;203;0;1;3;0;0;96;4;11;RETURN {0};324269800
ngani.algo.cc.unionfind.Simple;find;204;0;1;5;0;0;96;4;11;ENTRY {0};325271600
ngani.algo.cc.unionfind.Simple;find;205;0;1;3;0;0;97;4;11;RETURN {0};325271600
ngani.algo.cc.unionfind.Simple;find;206;0;1;6;0;0;97;4;11;ENTRY {0};325271600
ngani.algo.cc.unionfind.Simple;find;207;0;1;0;0;0;98;4;11;RETURN {0};325271600
ngani.algo.cc.unionfind.Simple;find;208;0;1;6;0;0;98;4;11;ENTRY {0};325271600
ngani.algo.cc.unionfind.Simple;find;209;0;1;0;0;0;99;4;11;RETURN {0};325271600
ngani.algo.cc.unionfind.Simple;find;210;0;1;7;0;0;99;4;11;ENTRY {0};325271600
ngani.algo.cc.unionfind.Simple;find;211;0;1;2;0;0;100;4;11;RETURN {0};325271600
ngani.algo.cc.unionfind.Simple;find;212;0;1;7;0;0;100;4;11;ENTRY {0};325271600
ngani.algo.cc.unionfind.Simple;find;213;0;1;2;0;0;101;4;11;RETURN {0};326270900
ngani.algo.cc.unionfind.Simple;find;214;0;1;8;0;0;101;4;12;ENTRY {0};326270900
ngani.algo.cc.unionfind.Simple;find;215;0;1;8;0;0;102;4;12;RETURN {0};326270900
ngani.algo.cc.unionfind.Simple;find;216;0;1;8;0;0;102;4;12;ENTRY {0};326270900
ngani.algo.cc.unionfind.Simple;find;217;0;1;8;0;0;103;4;12;RETURN {0};326270900
ngani.algo.cc.unionfind.Simple;find;218;0;1;9;0;0;103;4;12;ENTRY {0};326270900
ngani.algo.cc.unionfind.Simple;find;219;0;1;9;0;0;104;4;12;RETURN {0};326270900
ngani.algo.cc.unionfind.Simple;find;220;0;1;9;0;0;104;4;12;ENTRY {0};326270900
ngani.algo.cc.unionfind.Simple;find;221;0;1;9;0;0;105;4;12;RETURN {0};327271300
ngani.algo.cc.unionfind.Simple;union;222;0;0;4;2;4;105;5;12;RETURN {0};327271300
ngani.algo.cc.unionfind.Simple;find;223;0;0;5;0;0;105;5;12;ENTRY {0};327271300
ngani.algo.cc.unionfind.Simple;find;224;0;0;3;0;0;106;5;12;RETURN {0};327271300
ngani.algo.cc.unionfind.Simple;find;225;0;0;9;0;0;106;5;12;ENTRY {0};327271300
ngani.algo.cc.unionfind.Simple;find;226;0;0;9;0;0;107;5;12;RETURN {0};327271300
ngani.algo.cc.unionfind.Simple;union;227;0;0;3;9;3;107;5;12;ENTRY {0};327271300
ngani.algo.cc.unionfind.Simple;find;228;0;1;0;0;0;107;5;12;ENTRY {0};327271300
ngani.algo.cc.unionfind.Simple;find;229;0;1;0;0;0;108;5;12;RETURN {0};328271400
ngani.algo.cc.unionfind.Simple;find;230;0;1;0;0;0;108;5;12;ENTRY {0};328271400
ngani.algo.cc.unionfind.Simple;find;231;0;1;0;0;0;109;5;12;RETURN {0};328271400
ngani.algo.cc.unionfind.Simple;find;232;0;1;1;0;0;109;5;12;ENTRY {0};328271400
ngani.algo.cc.unionfind.Simple;find;233;0;1;3;0;0;110;5;12;RETURN {0};328271400
ngani.algo.cc.unionfind.Simple;find;234;0;1;2;0;0;110;5;13;ENTRY {0};328271400
ngani.algo.cc.unionfind.Simple;find;235;0;1;4;0;0;111;5;13;RETURN {0};328271400
ngani.algo.cc.unionfind.Simple;find;236;0;1;2;0;0;111;5;13;ENTRY {0};328271400
ngani.algo.cc.unionfind.Simple;find;237;0;1;4;0;0;112;5;13;RETURN {0};328271400
ngani.algo.cc.unionfind.Simple;find;238;0;1;3;0;0;112;5;13;ENTRY {0};329270800
ngani.algo.cc.unionfind.Simple;find;239;0;1;3;0;0;113;5;13;RETURN {0};329270800
ngani.algo.cc.unionfind.Simple;find;240;0;1;4;0;0;113;5;14;ENTRY {0};329270800
ngani.algo.cc.unionfind.Simple;find;241;0;1;4;0;0;114;5;14;RETURN {0};329270800
ngani.algo.cc.unionfind.Simple;find;242;0;1;4;0;0;114;5;14;ENTRY {0};329270800
ngani.algo.cc.unionfind.Simple;find;243;0;1;4;0;0;115;5;14;RETURN {0};329270800
ngani.algo.cc.unionfind.Simple;find;244;0;1;5;0;0;115;5;14;ENTRY {0};329270800
ngani.algo.cc.unionfind.Simple;find;245;0;1;3;0;0;116;5;14;RETURN {0};329270800
ngani.algo.cc.unionfind.Simple;find;246;0;1;6;0;0;116;5;15;ENTRY {0};329270800
ngani.algo.cc.unionfind.Simple;find;247;0;1;0;0;0;117;5;15;RETURN {0};329270800
ngani.algo.cc.unionfind.Simple;find;248;0;1;6;0;0;117;5;15;ENTRY {0};330293400
ngani.algo.cc.unionfind.Simple;find;249;0;1;0;0;0;118;5;15;RETURN {0};330293400
ngani.algo.cc.unionfind.Simple;find;250;0;1;7;0;0;118;5;15;ENTRY {0};330293400
ngani.algo.cc.unionfind.Simple;find;251;0;1;4;0;0;119;5;15;RETURN {0};330293400
ngani.algo.cc.unionfind.Simple;find;252;0;1;7;0;0;119;5;15;ENTRY {0};330293400
ngani.algo.cc.unionfind.Simple;find;253;0;1;4;0;0;120;5;15;RETURN {0};330293400
ngani.algo.cc.unionfind.Simple;find;254;0;1;8;0;0;120;5;15;ENTRY {0};330293400
ngani.algo.cc.unionfind.Simple;find;255;0;1;8;0;0;121;5;15;RETURN {0};330293400
ngani.algo.cc.unionfind.Simple;find;256;0;1;8;0;0;121;5;15;ENTRY {0};331271800
ngani.algo.cc.unionfind.Simple;find;257;0;1;8;0;0;122;5;15;RETURN {0};331271800
ngani.algo.cc.unionfind.Simple;find;258;0;1;9;0;0;122;5;15;ENTRY {0};331271800
ngani.algo.cc.unionfind.Simple;find;259;0;1;9;0;0;123;5;15;RETURN {0};331271800
ngani.algo.cc.unionfind.Simple;find;260;0;1;9;0;0;123;5;15;ENTRY {0};331271800
ngani.algo.cc.unionfind.Simple;find;261;0;1;9;0;0;124;5;15;RETURN {0};331271800
ngani.algo.cc.unionfind.Simple;union;262;0;0;3;9;3;124;6;16;RETURN {0};331271800
ngani.algo.cc.unionfind.Simple;find;263;0;0;6;0;0;124;6;16;ENTRY {0};332279600
ngani.algo.cc.unionfind.Simple;find;264;0;0;0;0;0;125;6;16;RETURN {0};332279600
ngani.algo.cc.unionfind.Simple;find;265;0;0;8;0;0;125;6;16;ENTRY {0};332279600
ngani.algo.cc.unionfind.Simple;find;266;0;0;8;0;0;126;6;16;RETURN {0};332279600
ngani.algo.cc.unionfind.Simple;union;267;0;0;0;8;0;126;6;16;ENTRY {0};332279600
ngani.algo.cc.unionfind.Simple;find;268;0;1;0;0;0;126;6;16;ENTRY {0};332279600
ngani.algo.cc.unionfind.Simple;find;269;0;1;0;0;0;127;6;16;RETURN {0};332279600
ngani.algo.cc.unionfind.Simple;find;270;0;1;1;0;0;127;6;17;ENTRY {0};332279600
ngani.algo.cc.unionfind.Simple;find;271;0;1;3;0;0;128;6;17;RETURN {0};333271400
ngani.algo.cc.unionfind.Simple;find;272;0;1;1;0;0;128;6;17;ENTRY {0};333271400
ngani.algo.cc.unionfind.Simple;find;273;0;1;3;0;0;129;6;17;RETURN {0};333271400
ngani.algo.cc.unionfind.Simple;find;274;0;1;2;0;0;129;6;17;ENTRY {0};333271400
ngani.algo.cc.unionfind.Simple;find;275;0;1;4;0;0;130;6;17;RETURN {0};333271400
ngani.algo.cc.unionfind.Simple;find;276;0;1;2;0;0;130;6;17;ENTRY {0};333271400
ngani.algo.cc.unionfind.Simple;find;277;0;1;4;0;0;131;6;17;RETURN {0};333271400
ngani.algo.cc.unionfind.Simple;find;278;0;1;3;0;0;131;6;17;ENTRY {0};333271400
ngani.algo.cc.unionfind.Simple;find;279;0;1;3;0;0;132;6;17;RETURN {0};333271400
ngani.algo.cc.unionfind.Simple;find;280;0;1;3;0;0;132;6;17;ENTRY {0};333271400
ngani.algo.cc.unionfind.Simple;find;281;0;1;3;0;0;133;6;17;RETURN {0};334270600
ngani.algo.cc.unionfind.Simple;find;282;0;1;4;0;0;133;6;17;ENTRY {0};334270600
ngani.algo.cc.unionfind.Simple;find;283;0;1;4;0;0;134;6;17;RETURN {0};334270600
ngani.algo.cc.unionfind.Simple;find;284;0;1;4;0;0;134;6;17;ENTRY {0};334270600
ngani.algo.cc.unionfind.Simple;find;285;0;1;4;0;0;135;6;17;RETURN {0};334270600
ngani.algo.cc.unionfind.Simple;find;286;0;1;5;0;0;135;6;17;ENTRY {0};334270600
ngani.algo.cc.unionfind.Simple;find;287;0;1;3;0;0;136;6;17;RETURN {0};334270600
ngani.algo.cc.unionfind.Simple;find;288;0;1;5;0;0;136;6;17;ENTRY {0};334270600
ngani.algo.cc.unionfind.Simple;find;289;0;1;3;0;0;137;6;17;RETURN {0};334270600
ngani.algo.cc.unionfind.Simple;find;290;0;1;6;0;0;137;6;17;ENTRY {0};334270600
ngani.algo.cc.unionfind.Simple;find;291;0;1;0;0;0;138;6;17;RETURN {0};335270800
ngani.algo.cc.unionfind.Simple;find;292;0;1;7;0;0;138;6;18;ENTRY {0};335270800
ngani.algo.cc.unionfind.Simple;find;293;0;1;4;0;0;139;6;18;RETURN {0};335270800
ngani.algo.cc.unionfind.Simple;find;294;0;1;7;0;0;139;6;18;ENTRY {0};335270800
ngani.algo.cc.unionfind.Simple;find;295;0;1;4;0;0;140;6;18;RETURN {0};335270800
ngani.algo.cc.unionfind.Simple;find;296;0;1;8;0;0;140;6;18;ENTRY {0};335270800
ngani.algo.cc.unionfind.Simple;find;297;0;1;8;0;0;141;6;18;RETURN {0};335270800
ngani.algo.cc.unionfind.Simple;find;298;0;1;8;0;0;141;6;18;ENTRY {0};335270800
ngani.algo.cc.unionfind.Simple;find;299;0;1;8;0;0;142;6;18;RETURN {0};335270800
ngani.algo.cc.unionfind.Simple;find;300;0;1;9;0;0;142;6;19;ENTRY {0};335270800
ngani.algo.cc.unionfind.Simple;find;301;0;1;3;0;0;143;6;19;RETURN {0};336270200
ngani.algo.cc.unionfind.Simple;find;302;0;1;9;0;0;143;6;19;ENTRY {0};336270200
ngani.algo.cc.unionfind.Simple;find;303;0;1;3;0;0;144;6;19;RETURN {0};336270200
ngani.algo.cc.unionfind.Simple;union;304;0;0;0;8;0;144;7;19;RETURN {0};336270200
ngani.algo.cc.unionfind.Simple;find;305;0;0;7;0;0;144;7;19;ENTRY {0};336270200
ngani.algo.cc.unionfind.Simple;find;306;0;0;4;0;0;145;7;19;RETURN {0};336270200
ngani.algo.cc.unionfind.Simple;find;307;0;0;0;0;0;145;7;19;ENTRY {0};336270200
ngani.algo.cc.unionfind.Simple;find;308;0;0;0;0;0;146;7;19;RETURN {0};336270200
ngani.algo.cc.unionfind.Simple;union;309;0;0;4;0;4;146;7;19;ENTRY {0};337326800
ngani.algo.cc.unionfind.Simple;find;310;0;1;0;0;0;146;7;19;ENTRY {0};337326800
ngani.algo.cc.unionfind.Simple;find;311;0;1;0;0;0;147;7;19;RETURN {0};337326800
ngani.algo.cc.unionfind.Simple;find;312;0;1;0;0;0;147;7;19;ENTRY {0};337326800
ngani.algo.cc.unionfind.Simple;find;313;0;1;0;0;0;148;7;19;RETURN {0};337326800
ngani.algo.cc.unionfind.Simple;find;314;0;1;1;0;0;148;7;20;ENTRY {0};337326800
ngani.algo.cc.unionfind.Simple;find;315;0;1;3;0;0;149;7;20;RETURN {0};337326800
ngani.algo.cc.unionfind.Simple;find;316;0;1;1;0;0;149;7;20;ENTRY {0};337326800
ngani.algo.cc.unionfind.Simple;find;317;0;1;3;0;0;150;7;20;RETURN {0};338271500
ngani.algo.cc.unionfind.Simple;find;318;0;1;2;0;0;150;7;20;ENTRY {0};338271500
ngani.algo.cc.unionfind.Simple;find;319;0;1;4;0;0;151;7;20;RETURN {0};338271500
ngani.algo.cc.unionfind.Simple;find;320;0;1;3;0;0;151;7;21;ENTRY {0};338271500
ngani.algo.cc.unionfind.Simple;find;321;0;1;3;0;0;152;7;21;RETURN {0};338271500
ngani.algo.cc.unionfind.Simple;find;322;0;1;3;0;0;152;7;21;ENTRY {0};338271500
ngani.algo.cc.unionfind.Simple;find;323;0;1;3;0;0;153;7;21;RETURN {0};338271500
ngani.algo.cc.unionfind.Simple;find;324;0;1;4;0;0;153;7;21;ENTRY {0};338271500
ngani.algo.cc.unionfind.Simple;find;325;0;1;4;0;0;154;7;21;RETURN {0};338271500
ngani.algo.cc.unionfind.Simple;find;326;0;1;5;0;0;154;7;22;ENTRY {0};339271000
ngani.algo.cc.unionfind.Simple;find;327;0;1;3;0;0;155;7;22;RETURN {0};339271000
ngani.algo.cc.unionfind.Simple;find;328;0;1;5;0;0;155;7;22;ENTRY {0};339271000
ngani.algo.cc.unionfind.Simple;find;329;0;1;3;0;0;156;7;22;RETURN {0};339271000
ngani.algo.cc.unionfind.Simple;find;330;0;1;6;0;0;156;7;22;ENTRY {0};339271000
ngani.algo.cc.unionfind.Simple;find;331;0;1;0;0;0;157;7;22;RETURN {0};339271000
ngani.algo.cc.unionfind.Simple;find;332;0;1;6;0;0;157;7;22;ENTRY {0};339271000
ngani.algo.cc.unionfind.Simple;find;333;0;1;0;0;0;158;7;22;RETURN {0};339271000
ngani.algo.cc.unionfind.Simple;find;334;0;1;7;0;0;158;7;23;ENTRY {0};339271000
ngani.algo.cc.unionfind.Simple;find;335;0;1;4;0;0;159;7;23;RETURN {0};339271000
ngani.algo.cc.unionfind.Simple;find;336;0;1;8;0;0;159;7;24;ENTRY {0};339271000
ngani.algo.cc.unionfind.Simple;find;337;0;1;0;0;0;160;7;24;RETURN {0};340271200
ngani.algo.cc.unionfind.Simple;find;338;0;1;8;0;0;160;7;24;ENTRY {0};340271200
ngani.algo.cc.unionfind.Simple;find;339;0;1;0;0;0;161;7;24;RETURN {0};340271200
ngani.algo.cc.unionfind.Simple;find;340;0;1;9;0;0;161;7;25;ENTRY {0};340271200
ngani.algo.cc.unionfind.Simple;find;341;0;1;3;0;0;162;7;25;RETURN {0};340271200
ngani.algo.cc.unionfind.Simple;find;342;0;1;9;0;0;162;7;25;ENTRY {0};340271200
ngani.algo.cc.unionfind.Simple;find;343;0;1;3;0;0;163;7;25;RETURN {0};340271200
ngani.algo.cc.unionfind.Simple;union;344;0;0;4;0;4;163;8;25;RETURN {0};340271200
ngani.algo.cc.unionfind.Simple;find;345;0;0;8;0;0;163;8;25;ENTRY {0};340271200
ngani.algo.cc.unionfind.Simple;find;346;0;0;4;0;0;164;8;25;RETURN {0};341270800
ngani.algo.cc.unionfind.Simple;find;347;0;0;1;0;0;164;8;25;ENTRY {0};341270800
ngani.algo.cc.unionfind.Simple;find;348;0;0;3;0;0;165;8;25;RETURN {0};341270800
ngani.algo.cc.unionfind.Simple;union;349;0;0;4;3;4;165;8;25;ENTRY {0};341270800
ngani.algo.cc.unionfind.Simple;find;350;0;1;0;0;0;165;8;25;ENTRY {0};341270800
ngani.algo.cc.unionfind.Simple;find;351;0;1;4;0;0;166;8;25;RETURN {0};341270800
ngani.algo.cc.unionfind.Simple;find;352;0;1;1;0;0;166;8;26;ENTRY {0};341270800
ngani.algo.cc.unionfind.Simple;find;353;0;1;3;0;0;167;8;26;RETURN {0};341270800
ngani.algo.cc.unionfind.Simple;find;354;0;1;1;0;0;167;8;26;ENTRY {0};341270800
ngani.algo.cc.unionfind.Simple;find;355;0;1;3;0;0;168;8;26;RETURN {0};341270800
ngani.algo.cc.unionfind.Simple;find;356;0;1;2;0;0;168;8;27;ENTRY {0};341270800
ngani.algo.cc.unionfind.Simple;find;357;0;1;4;0;0;169;8;27;RETURN {0};342271200
ngani.algo.cc.unionfind.Simple;find;358;0;1;3;0;0;169;8;28;ENTRY {0};342271200
ngani.algo.cc.unionfind.Simple;find;359;0;1;3;0;0;170;8;28;RETURN {0};342271200
ngani.algo.cc.unionfind.Simple;find;360;0;1;3;0;0;170;8;28;ENTRY {0};342271200
ngani.algo.cc.unionfind.Simple;find;361;0;1;3;0;0;171;8;28;RETURN {0};342271200
ngani.algo.cc.unionfind.Simple;find;362;0;1;4;0;0;171;8;29;ENTRY {0};342271200
ngani.algo.cc.unionfind.Simple;find;363;0;1;4;0;0;172;8;29;RETURN {0};342271200
ngani.algo.cc.unionfind.Simple;find;364;0;1;5;0;0;172;8;30;ENTRY {0};342271200
ngani.algo.cc.unionfind.Simple;find;365;0;1;3;0;0;173;8;30;RETURN {0};342271200
ngani.algo.cc.unionfind.Simple;find;366;0;1;5;0;0;173;8;30;ENTRY {0};342271200
ngani.algo.cc.unionfind.Simple;find;367;0;1;3;0;0;174;8;30;RETURN {0};342271200
ngani.algo.cc.unionfind.Simple;find;368;0;1;6;0;0;174;8;31;ENTRY {0};342271200
ngani.algo.cc.unionfind.Simple;find;369;0;1;4;0;0;175;8;31;RETURN {0};343270700
ngani.algo.cc.unionfind.Simple;find;370;0;1;7;0;0;175;8;32;ENTRY {0};343270700
ngani.algo.cc.unionfind.Simple;find;371;0;1;4;0;0;176;8;32;RETURN {0};343270700
ngani.algo.cc.unionfind.Simple;find;372;0;1;8;0;0;176;8;33;ENTRY {0};343270700
ngani.algo.cc.unionfind.Simple;find;373;0;1;4;0;0;177;8;33;RETURN {0};343270700
ngani.algo.cc.unionfind.Simple;find;374;0;1;9;0;0;177;8;34;ENTRY {0};343270700
ngani.algo.cc.unionfind.Simple;find;375;0;1;3;0;0;178;8;34;RETURN {0};343270700
ngani.algo.cc.unionfind.Simple;find;376;0;1;9;0;0;178;8;34;ENTRY {0};343270700
ngani.algo.cc.unionfind.Simple;find;377;0;1;3;0;0;179;8;34;RETURN {0};343270700
ngani.algo.cc.unionfind.Simple;union;378;0;0;4;3;4;179;9;35;RETURN {0};343270700
ngani.algo.cc.unionfind.Simple;find;379;0;0;9;0;0;179;9;35;ENTRY {0};343270700
ngani.algo.cc.unionfind.Simple;find;380;0;0;4;0;0;180;9;35;RETURN {0};344270600
ngani.algo.cc.unionfind.Simple;find;381;0;0;3;0;0;180;9;35;ENTRY {0};344270600
ngani.algo.cc.unionfind.Simple;find;382;0;0;4;0;0;181;9;35;RETURN {0};344270600
ngani.algo.cc.unionfind.Simple;union;383;0;0;4;4;4;181;9;35;ENTRY {0};344270600
ngani.algo.cc.unionfind.Simple;find;384;0;1;0;0;0;181;9;35;ENTRY {0};344270600
ngani.algo.cc.unionfind.Simple;find;385;0;1;4;0;0;182;9;35;RETURN {0};344270600
ngani.algo.cc.unionfind.Simple;find;386;0;1;1;0;0;182;9;36;ENTRY {0};344270600
ngani.algo.cc.unionfind.Simple;find;387;0;1;4;0;0;183;9;36;RETURN {0};344270600
ngani.algo.cc.unionfind.Simple;find;388;0;1;2;0;0;183;9;37;ENTRY {0};344270600
ngani.algo.cc.unionfind.Simple;find;389;0;1;4;0;0;184;9;37;RETURN {0};344270600
ngani.algo.cc.unionfind.Simple;find;390;0;1;3;0;0;184;9;38;ENTRY {0};345271000
ngani.algo.cc.unionfind.Simple;find;391;0;1;4;0;0;185;9;38;RETURN {0};345271000
ngani.algo.cc.unionfind.Simple;find;392;0;1;4;0;0;185;9;39;ENTRY {0};345271000
ngani.algo.cc.unionfind.Simple;find;393;0;1;4;0;0;186;9;39;RETURN {0};345271000
ngani.algo.cc.unionfind.Simple;find;394;0;1;5;0;0;186;9;40;ENTRY {0};345271000
ngani.algo.cc.unionfind.Simple;find;395;0;1;4;0;0;187;9;40;RETURN {0};345271000
ngani.algo.cc.unionfind.Simple;find;396;0;1;6;0;0;187;9;41;ENTRY {0};345271000
ngani.algo.cc.unionfind.Simple;find;397;0;1;4;0;0;188;9;41;RETURN {0};345271000
ngani.algo.cc.unionfind.Simple;find;398;0;1;7;0;0;188;9;42;ENTRY {0};345271000
ngani.algo.cc.unionfind.Simple;find;399;0;1;4;0;0;189;9;42;RETURN {0};345271000
ngani.algo.cc.unionfind.Simple;find;400;0;1;8;0;0;189;9;43;ENTRY {0};345271000
ngani.algo.cc.unionfind.Simple;find;401;0;1;4;0;0;190;9;43;RETURN {0};345271000
ngani.algo.cc.unionfind.Simple;find;402;0;1;9;0;0;190;9;44;ENTRY {0};346271100
ngani.algo.cc.unionfind.Simple;find;403;0;1;4;0;0;191;9;44;RETURN {0};346271100
ngani.algo.cc.unionfind.Simple;union;404;0;0;4;4;4;191;10;45;RETURN {0};346271100
